2023-11-28 14:29:51 - filelock.py -filelock - filelock - acquire - 274 - INFO - Lock 4474154528 acquired on session.lock
2023-11-28 14:29:51 - filelock.py -filelock - filelock - release - 318 - INFO - Lock 4474154528 released on session.lock
2023-11-28 14:29:51 - readerFile.py -root - readerFile - readerJson - 18 - INFO - params json file: /Users/wanggenggeng/Documents/code/auto_test/data/addGoodsParamCheck.json
2023-11-28 14:29:52 - readerFile.py -root - readerFile - readerJson - 18 - INFO - params json file: /Users/wanggenggeng/Documents/code/auto_test/data/onLineEnterpriseInfo.json
2023-11-28 14:29:52 - readerFile.py -root - readerFile - readerJson - 18 - INFO - params json file: /Users/wanggenggeng/Documents/code/auto_test/data/onLineEnterpriseInfo.json
2023-11-28 14:29:52 - readerFile.py -root - readerFile - readerJson - 18 - INFO - params json file: /Users/wanggenggeng/Documents/code/auto_test/data/onLineEnterpriseInfo.json
2023-11-28 14:29:52 - readerFile.py -root - readerFile - readerJson - 18 - INFO - params json file: /Users/wanggenggeng/Documents/code/auto_test/data/onLineEnterpriseInfo.json
2023-11-28 14:29:52 - readerFile.py -root - readerFile - readerJson - 18 - INFO - params json file: /Users/wanggenggeng/Documents/code/auto_test/data/onLineEnterpriseInfo.json
2023-11-28 14:29:52 - readerFile.py -root - readerFile - readerJson - 18 - INFO - params json file: /Users/wanggenggeng/Documents/code/auto_test/data/onLineEnterpriseInfo.json
2023-11-28 14:29:52 - readerFile.py -root - readerFile - readerJson - 18 - INFO - params json file: /Users/wanggenggeng/Documents/code/auto_test/data/onLineEnterpriseInfo.json
2023-11-28 14:29:52 - readerFile.py -root - readerFile - readerJson - 18 - INFO - params json file: /Users/wanggenggeng/Documents/code/auto_test/data/onLineEnterpriseInfo.json
2023-11-28 14:29:52 - readerFile.py -root - readerFile - readerJson - 18 - INFO - params json file: /Users/wanggenggeng/Documents/code/auto_test/data/onLineEnterpriseInfo.json
2023-11-28 14:29:52 - readerFile.py -root - readerFile - readerJson - 18 - INFO - params json file: /Users/wanggenggeng/Documents/code/auto_test/data/onLineEnterpriseInfo.json
2023-11-28 14:29:52 - readerFile.py -root - readerFile - readerJson - 18 - INFO - params json file: /Users/wanggenggeng/Documents/code/auto_test/data/onLineEnterpriseInfo.json
2023-11-28 14:29:52 - readerFile.py -root - readerFile - readerJson - 18 - INFO - params json file: /Users/wanggenggeng/Documents/code/auto_test/data/onLineEnterpriseInfo.json
2023-11-28 14:29:52 - readerFile.py -root - readerFile - readerJson - 18 - INFO - params json file: /Users/wanggenggeng/Documents/code/auto_test/data/onLineEnterpriseInfo.json
2023-11-28 14:29:52 - readerFile.py -root - readerFile - readerJson - 18 - INFO - params json file: /Users/wanggenggeng/Documents/code/auto_test/data/onLineEnterpriseInfo.json
2023-11-28 14:29:52 - readerFile.py -root - readerFile - readerJson - 18 - INFO - params json file: /Users/wanggenggeng/Documents/code/auto_test/data/onLineEnterpriseInfo.json
2023-11-28 14:29:52 - readerFile.py -root - readerFile - readerJson - 18 - INFO - params json file: /Users/wanggenggeng/Documents/code/auto_test/data/onLineEnterpriseInfo.json
2023-11-28 14:29:52 - readerFile.py -root - readerFile - readerJson - 18 - INFO - params json file: /Users/wanggenggeng/Documents/code/auto_test/data/onLineEnterpriseInfo.json
2023-11-28 14:29:52 - readerFile.py -root - readerFile - readerJson - 18 - INFO - params json file: /Users/wanggenggeng/Documents/code/auto_test/data/onLineEnterpriseInfo.json
2023-11-28 14:29:52 - readerFile.py -root - readerFile - readerJson - 18 - INFO - params json file: /Users/wanggenggeng/Documents/code/auto_test/data/onLineEnterpriseInfo.json
2023-11-28 14:29:52 - readerFile.py -root - readerFile - readerJson - 18 - INFO - params json file: /Users/wanggenggeng/Documents/code/auto_test/data/onLineEnterpriseInfo.json
2023-11-28 14:29:52 - readerFile.py -root - readerFile - readerJson - 18 - INFO - params json file: /Users/wanggenggeng/Documents/code/auto_test/data/onLineEnterpriseInfo.json
2023-11-28 14:29:52 - readerFile.py -root - readerFile - readerJson - 18 - INFO - params json file: /Users/wanggenggeng/Documents/code/auto_test/data/onLineEnterpriseInfo.json
2023-11-28 14:29:52 - readerFile.py -root - readerFile - readerJson - 18 - INFO - params json file: /Users/wanggenggeng/Documents/code/auto_test/data/onLineEnterpriseInfo.json
2023-11-28 14:29:52 - readerFile.py -root - readerFile - readerJson - 18 - INFO - params json file: /Users/wanggenggeng/Documents/code/auto_test/data/onLineEnterpriseInfo.json
2023-11-28 14:29:52 - readerFile.py -root - readerFile - readerJson - 18 - INFO - params json file: /Users/wanggenggeng/Documents/code/auto_test/data/onLineEnterpriseInfo.json
2023-11-28 14:29:52 - readerFile.py -root - readerFile - readerJson - 18 - INFO - params json file: /Users/wanggenggeng/Documents/code/auto_test/data/onLineEnterpriseInfo.json
2023-11-28 14:29:52 - readerFile.py -root - readerFile - readerJson - 18 - INFO - params json file: /Users/wanggenggeng/Documents/code/auto_test/data/onLineEnterpriseInfo.json
2023-11-28 14:29:52 - readerFile.py -root - readerFile - readerJson - 18 - INFO - params json file: /Users/wanggenggeng/Documents/code/auto_test/data/onLineEnterpriseInfo.json
2023-11-28 14:29:52 - readerFile.py -root - readerFile - readerJson - 18 - INFO - params json file: /Users/wanggenggeng/Documents/code/auto_test/data/onLineEnterpriseInfo.json
2023-11-28 14:29:52 - readerFile.py -root - readerFile - readerJson - 18 - INFO - params json file: /Users/wanggenggeng/Documents/code/auto_test/data/onLineEnterpriseInfo.json
2023-11-28 14:29:52 - readerFile.py -root - readerFile - readerJson - 18 - INFO - params json file: /Users/wanggenggeng/Documents/code/auto_test/data/onLineEnterpriseInfo.json
2023-11-28 14:29:52 - readerFile.py -root - readerFile - readerJson - 18 - INFO - params json file: /Users/wanggenggeng/Documents/code/auto_test/data/onLineEnterpriseInfo.json
2023-11-28 14:29:52 - readerFile.py -root - readerFile - readerJson - 18 - INFO - params json file: /Users/wanggenggeng/Documents/code/auto_test/data/onLineEnterpriseInfo.json
2023-11-28 14:29:52 - readerFile.py -root - readerFile - readerJson - 18 - INFO - params json file: /Users/wanggenggeng/Documents/code/auto_test/data/onLineEnterpriseInfo.json
2023-11-28 14:29:52 - readerFile.py -root - readerFile - readerJson - 18 - INFO - params json file: /Users/wanggenggeng/Documents/code/auto_test/data/onLineEnterpriseInfo.json
2023-11-28 14:29:52 - readerFile.py -root - readerFile - readerJson - 18 - INFO - params json file: /Users/wanggenggeng/Documents/code/auto_test/data/onLineEnterpriseInfo.json
2023-11-28 14:29:52 - readerFile.py -root - readerFile - readerJson - 18 - INFO - params json file: /Users/wanggenggeng/Documents/code/auto_test/data/onLineEnterpriseInfo.json
2023-11-28 14:29:52 - readerFile.py -root - readerFile - readerJson - 18 - INFO - params json file: /Users/wanggenggeng/Documents/code/auto_test/data/onLineEnterpriseInfo.json
2023-11-28 14:29:52 - readerFile.py -root - readerFile - readerJson - 18 - INFO - params json file: /Users/wanggenggeng/Documents/code/auto_test/data/onLineEnterpriseInfo.json
2023-11-28 14:29:52 - readerFile.py -root - readerFile - readerJson - 18 - INFO - params json file: /Users/wanggenggeng/Documents/code/auto_test/data/onLineEnterpriseInfo.json
2023-11-28 14:29:52 - readerFile.py -root - readerFile - readerJson - 18 - INFO - params json file: /Users/wanggenggeng/Documents/code/auto_test/data/onLineEnterpriseInfo.json
2023-11-28 14:29:52 - readerFile.py -root - readerFile - readerJson - 18 - INFO - params json file: /Users/wanggenggeng/Documents/code/auto_test/data/onLineEnterpriseInfo.json
2023-11-28 14:29:52 - readerFile.py -root - readerFile - readerJson - 18 - INFO - params json file: /Users/wanggenggeng/Documents/code/auto_test/data/onLineEnterpriseInfo.json
2023-11-28 14:29:52 - readerFile.py -root - readerFile - readerJson - 18 - INFO - params json file: /Users/wanggenggeng/Documents/code/auto_test/data/onLineEnterpriseInfo.json
2023-11-28 14:29:52 - readerFile.py -root - readerFile - readerJson - 18 - INFO - params json file: /Users/wanggenggeng/Documents/code/auto_test/data/onLineEnterpriseInfo(supermarket).json
2023-11-28 14:29:52 - readerFile.py -root - readerFile - readerJson - 18 - INFO - params json file: /Users/wanggenggeng/Documents/code/auto_test/data/onLineEnterpriseInfo(supermarket).json
2023-11-28 14:29:52 - readerFile.py -root - readerFile - readerJson - 18 - INFO - params json file: /Users/wanggenggeng/Documents/code/auto_test/data/onLineEnterpriseInfo(supermarket).json
2023-11-28 14:29:52 - readerFile.py -root - readerFile - readerJson - 18 - INFO - params json file: /Users/wanggenggeng/Documents/code/auto_test/data/onLineEnterpriseInfo(supermarket).json
2023-11-28 14:29:52 - readerFile.py -root - readerFile - readerJson - 18 - INFO - params json file: /Users/wanggenggeng/Documents/code/auto_test/data/onLineEnterpriseInfo(supermarket).json
2023-11-28 14:29:52 - readerFile.py -root - readerFile - readerJson - 18 - INFO - params json file: /Users/wanggenggeng/Documents/code/auto_test/data/onLineEnterpriseInfo(supermarket).json
2023-11-28 14:29:52 - readerFile.py -root - readerFile - readerJson - 18 - INFO - params json file: /Users/wanggenggeng/Documents/code/auto_test/data/onLineEnterpriseInfo(supermarket).json
2023-11-28 14:29:52 - readerFile.py -root - readerFile - readerJson - 18 - INFO - params json file: /Users/wanggenggeng/Documents/code/auto_test/data/onLineEnterpriseInfo(supermarket).json
2023-11-28 14:29:52 - readerFile.py -root - readerFile - readerJson - 18 - INFO - params json file: /Users/wanggenggeng/Documents/code/auto_test/data/onLineEnterpriseInfo(supermarket).json
2023-11-28 14:29:52 - readerFile.py -root - readerFile - readerJson - 18 - INFO - params json file: /Users/wanggenggeng/Documents/code/auto_test/data/onLineEnterpriseInfo(supermarket).json
